<?xml version="1.0" encoding="UTF-8"?>
<!-- Generated by org.testng.reporters.JUnitReportReporter -->
<testsuite hostname="DESKTOP-3U4DSFR" failures="0" tests="2" name="Tests.Putpatchdelete" time="4.096" errors="0" timestamp="2021-11-29T00:32:01 CST" skipped="0">
  <testcase classname="Tests.Putpatchdelete" name="delete" time="3.220"/>
  <system-out/>
  <testcase classname="Tests.Putpatchdelete" name="update" time="0.876"/>
  <system-out/>
</testsuite> <!-- Tests.Putpatchdelete -->
