<?xml version="1.0" encoding="UTF-8"?>
<!-- Generated by org.testng.reporters.JUnitReportReporter -->
<testsuite hostname="DESKTOP-3U4DSFR" failures="0" tests="1" name="Tests.Classexample" time="4.593" errors="0" timestamp="2021-11-28T11:23:06 CST" skipped="0">
  <testcase classname="Tests.Classexample" name="some" time="4.593"/>
  <system-out/>
</testsuite> <!-- Tests.Classexample -->
