<?xml version="1.0" encoding="UTF-8"?>
<!-- Generated by org.testng.reporters.JUnitReportReporter -->
<testsuite hostname="DESKTOP-3U4DSFR" failures="0" tests="2" name="Tests.TestOne" time="3.681" errors="0" timestamp="2021-11-25T12:29:43 CST" skipped="0">
  <testcase classname="Tests.TestOne" name="test_1" time="2.336"/>
  <system-out/>
  <testcase classname="Tests.TestOne" name="test_2" time="1.345"/>
  <system-out/>
</testsuite> <!-- Tests.TestOne -->
